Turbo Assembler	 Version 3.0	    04/15/22 11:55:47	    Page 1
lab89.asm



      1	0000			     STACK SEGMENT PARA	'STACK'
*Warning* lab89.asm(1) Reserved	word used as symbol: STACK
      2	0000  40*(53 54	41 43 4B)     DB 64 DUP	('STACK')
      3	0140			     STACK ENDS
      4	0000			     DATA SEGMENT PARA `DATA`
**Error** lab89.asm(4) Bad keyword in SEGMENT statement:
      5	0000  07D0*(20)		     TAMP DB 2000 DUP (' ')
      6	07D0			     DATA ENDS
      7
      8	0000			     COD1 SEGMENT PARA 'CODE' ;code segment definition
      9	0000			     PROCED PROC FAR ;procedure	with proced name
     10				      ASSUME CS:COD1, ES: DATA,	DS:DATA, SS:STACK
     11				     EXTRN INTIRP:NEAR ;extern declaration for INTIRP
     12				      ;procedure
     13	0000  1E		      PUSH DS ;saves ds
     14	0001  2B C0		      SUB AX, AX ;0 in ax
     15	0003  50		      PUSH AX ;puts 0 on the stack
     16	0004  B8 0000s		      MOV AX, DATA ;puts seg data in ax
     17	0007  8E D8		      MOV DS,AX
     18				     ;main program
     19	0009  B8 0064		      MOV AX, 100 ;parameter in	ax
     20	000C  E8 0000e		      CALL INTIRP ;intirp procedure call
     21	000F  CB		      RET ;gives the control to	dos
     22	0010			     PROCED ENDP ;procedure end
     23	0010			     COD1 ENDS ;code segment end
     24				      END PROCED ;end program
Turbo Assembler	 Version 3.0	    04/15/22 11:55:47	    Page 2
Symbol Table




Symbol Name			  Type	 Value

??DATE				  Text	 "04/15/22"
??FILENAME			  Text	 "lab89	  "
??TIME				  Text	 "11:55:47"
??VERSION			  Number 0300
@CPU				  Text	 0101H
@CURSEG				  Text	 COD1
@FILENAME			  Text	 LAB89
@WORDSIZE			  Text	 2
INTIRP				  Near	 COD1:---- Extern
PROCED				  Far	 COD1:0000
TAMP				  Byte	 DATA:0000

Groups & Segments		  Bit Size Align  Combine Class

COD1				  16  0010 Para	  none	  CODE
DATA				  16  07D0 Para	  none
STACK				  16  0140 Para	  none	  STACK
Turbo Assembler	 Version 3.0	    04/15/22 11:55:47	    Page 3
Error Summary



*Warning* lab89.asm(1) Reserved	word used as symbol: STACK
**Error** lab89.asm(4) Bad keyword in SEGMENT statement:
